HilarysMacPro:rails-sites lmurdock$ rails new ruby_thursday -T
      create  
      create  README.md
      create  Rakefile
      create  .ruby-version
      create  config.ru
      create  .gitignore
      create  .gitattributes
      create  Gemfile
         run  git init from "."
hint: Using 'master' as the name for the initial branch. This default branch name
hint: is subject to change. To configure the initial branch name to use in all
hint: of your new repositories, which will suppress this warning, call:
hint: 
hint: 	git config --global init.defaultBranch <name>
hint: 
hint: Names commonly chosen instead of 'master' are 'main', 'trunk' and
hint: 'development'. The just-created branch can be renamed via this command:
hint: 
hint: 	git branch -m <name>
Initialized empty Git repository in /Users/lmurdock/src/activity-pub/rails-sites/ruby_thursday/.git/
      create  app
      create  app/assets/config/manifest.js
      create  app/assets/stylesheets/application.css
      create  app/channels/application_cable/channel.rb
      create  app/channels/application_cable/connection.rb
      create  app/controllers/application_controller.rb
      create  app/helpers/application_helper.rb
      create  app/jobs/application_job.rb
      create  app/mailers/application_mailer.rb
      create  app/models/application_record.rb
      create  app/views/layouts/application.html.erb
      create  app/views/layouts/mailer.html.erb
      create  app/views/layouts/mailer.text.erb
      create  app/assets/images
      create  app/assets/images/.keep
      create  app/controllers/concerns/.keep
      create  app/models/concerns/.keep
      create  bin
      create  bin/rails
      create  bin/rake
      create  bin/setup
      create  config
      create  config/routes.rb
      create  config/application.rb
      create  config/environment.rb
      create  config/cable.yml
      create  config/puma.rb
      create  config/storage.yml
      create  config/environments
      create  config/environments/development.rb
      create  config/environments/production.rb
      create  config/environments/test.rb
      create  config/initializers
      create  config/initializers/assets.rb
      create  config/initializers/content_security_policy.rb
      create  config/initializers/cors.rb
      create  config/initializers/filter_parameter_logging.rb
      create  config/initializers/inflections.rb
      create  config/initializers/new_framework_defaults_7_0.rb
      create  config/initializers/permissions_policy.rb
      create  config/locales
      create  config/locales/en.yml
      create  config/master.key
      append  .gitignore
      create  config/boot.rb
      create  config/database.yml
      create  db
      create  db/seeds.rb
      create  lib
      create  lib/tasks
      create  lib/tasks/.keep
      create  lib/assets
      create  lib/assets/.keep
      create  log
      create  log/.keep
      create  public
      create  public/404.html
      create  public/422.html
      create  public/500.html
      create  public/apple-touch-icon-precomposed.png
      create  public/apple-touch-icon.png
      create  public/favicon.ico
      create  public/robots.txt
      create  tmp
      create  tmp/.keep
      create  tmp/pids
      create  tmp/pids/.keep
      create  tmp/cache
      create  tmp/cache/assets
      create  vendor
      create  vendor/.keep
      create  storage
      create  storage/.keep
      create  tmp/storage
      create  tmp/storage/.keep
      remove  config/initializers/cors.rb
      remove  config/initializers/new_framework_defaults_7_0.rb
         run  bundle install
Fetching gem metadata from https://rubygems.org/...........
Resolving dependencies......
Using rake 13.0.6
Using concurrent-ruby 1.1.10
Using minitest 5.16.3
Using timeout 0.3.1
Using erubi 1.12.0
Using bundler 2.2.33
Using crass 1.0.6
Using rack 2.2.5
Using method_source 1.0.0
Using websocket-extensions 0.1.5
Using zeitwerk 2.6.6
Using mini_mime 1.1.2
Using i18n 1.12.0
Using builder 3.2.4
Using net-protocol 0.2.1
Using msgpack 1.6.0
Using sprockets 4.2.0
Using io-console 0.6.0
Using nio4r 2.5.8
Using thor 1.2.1
Using bootsnap 1.15.0
Using sqlite3 1.5.4 (x86_64-darwin)
Using puma 5.6.5
Using tzinfo 2.0.5
Using bindex 0.8.1
Using rack-test 2.0.2
Using racc 1.6.2
Using websocket-driver 0.7.5
Using net-pop 0.1.2
Using net-smtp 0.3.3
Using marcel 1.0.2
Using reline 0.3.2
Using date 3.3.3
Using activesupport 7.0.4
Using net-imap 0.3.4
Using irb 1.6.2
Using activemodel 7.0.4
Using nokogiri 1.13.10 (x86_64-darwin)
Using mail 2.8.0
Using rails-dom-testing 2.0.3
Using activerecord 7.0.4
Using debug 1.7.1
Using globalid 1.0.0
Using loofah 2.19.1
Using activejob 7.0.4
Using rails-html-sanitizer 1.4.4
Using actionview 7.0.4
Using actionpack 7.0.4
Using jbuilder 2.11.5
Using railties 7.0.4
Using actioncable 7.0.4
Using turbo-rails 1.3.2
Using actionmailer 7.0.4
Using sprockets-rails 3.4.2
Using activestorage 7.0.4
Using importmap-rails 1.1.5
Using actionmailbox 7.0.4
Using web-console 4.2.0
Using stimulus-rails 1.2.1
Using actiontext 7.0.4
Using rails 7.0.4
Bundle complete! 12 Gemfile dependencies, 61 gems now installed.
Use `bundle info [gemname]` to see where a bundled gem is installed.
         run  bundle binstubs bundler
       rails  importmap:install
Add Importmap include tags in application layout
      insert  app/views/layouts/application.html.erb
Create application.js module as entrypoint
      create  app/javascript/application.js
Use vendor/javascript for downloaded pins
      create  vendor/javascript
      create  vendor/javascript/.keep
Ensure JavaScript files are in the Sprocket manifest
      append  app/assets/config/manifest.js
Configure importmap paths in config/importmap.rb
      create  config/importmap.rb
Copying binstub
      create  bin/importmap
       rails  turbo:install stimulus:install
Import Turbo
      append  app/javascript/application.js
Pin Turbo
      append  config/importmap.rb
Run turbo:install:redis to switch on Redis and use it in development for turbo streams
Create controllers directory
      create  app/javascript/controllers
      create  app/javascript/controllers/index.js
      create  app/javascript/controllers/application.js
      create  app/javascript/controllers/hello_controller.js
Import Stimulus controllers
      append  app/javascript/application.js
Pin Stimulus
Appending: pin "@hotwired/stimulus", to: "stimulus.min.js", preload: true"
      append  config/importmap.rb
Appending: pin "@hotwired/stimulus-loading", to: "stimulus-loading.js", preload: true
      append  config/importmap.rb
Pin all controllers
Appending: pin_all_from "app/javascript/controllers", under: "controllers"
      append  config/importmap.rb
HilarysMacPro:rails-sites lmurdock$ 

